# JRE version: OpenJDK Runtime Environment (8.0_76-b03) (build 1.8.0_76-release-b03)
# Java VM: OpenJDK 64-Bit Server VM (25.76-b03 mixed mode windows-amd64 compressed oops)
Heap:
 PSYoungGen      total 412160K, used 6353K [0x00000000e0000000, 0x00000000ff900000, 0x0000000100000000)
  eden space 318976K, 0% used [0x00000000e0000000,0x00000000e0000000,0x00000000f3780000)
  from space 93184K, 6% used [0x00000000f3780000,0x00000000f3db4700,0x00000000f9280000)
  to   space 91648K, 0% used [0x00000000f9f80000,0x00000000f9f80000,0x00000000ff900000)
 ParOldGen       total 225280K, used 202984K [0x00000000a0000000, 0x00000000adc00000, 0x00000000e0000000)
  object space 225280K, 90% used [0x00000000a0000000,0x00000000ac63a3a0,0x00000000adc00000)
 Metaspace       used 77484K, capacity 80812K, committed 82560K, reserved 1122304K
  class space    used 9496K, capacity 10065K, committed 10624K, reserved 1048576K
GC Heap History (10 events):
Event: 19856.270 GC heap after
Heap after GC invocations=91 (full 12):
 PSYoungGen      total 378880K, used 61026K [0x00000000e0000000, 0x0000000100000000, 0x0000000100000000)
  eden space 317440K, 0% used [0x00000000e0000000,0x00000000e0000000,0x00000000f3600000)
  from space 61440K, 99% used [0x00000000f3600000,0x00000000f7198918,0x00000000f7200000)
  to   space 107520K, 0% used [0x00000000f9700000,0x00000000f9700000,0x0000000100000000)
 ParOldGen       total 225280K, used 138987K [0x00000000a0000000, 0x00000000adc00000, 0x00000000e0000000)
  object space 225280K, 61% used [0x00000000a0000000,0x00000000a87bad60,0x00000000adc00000)
 Metaspace       used 77458K, capacity 80804K, committed 82560K, reserved 1122304K
  class space    used 9496K, capacity 10065K, committed 10624K, reserved 1048576K
}
Event: 19856.740 GC heap before
{Heap before GC invocations=92 (full 12):
 PSYoungGen      total 378880K, used 378466K [0x00000000e0000000, 0x0000000100000000, 0x0000000100000000)
  eden space 317440K, 100% used [0x00000000e0000000,0x00000000f3600000,0x00000000f3600000)
  from space 61440K, 99% used [0x00000000f3600000,0x00000000f7198918,0x00000000f7200000)
  to   space 107520K, 0% used [0x00000000f9700000,0x00000000f9700000,0x0000000100000000)
 ParOldGen       total 225280K, used 138987K [0x00000000a0000000, 0x00000000adc00000, 0x00000000e0000000)
  object space 225280K, 61% used [0x00000000a0000000,0x00000000a87bad60,0x00000000adc00000)
 Metaspace       used 77462K, capacity 80804K, committed 82560K, reserved 1122304K
  class space    used 9496K, capacity 10065K, committed 10624K, reserved 1048576K
Event: 19856.801 GC heap after
Heap after GC invocations=92 (full 12):
 PSYoungGen      total 422400K, used 24296K [0x00000000e0000000, 0x0000000100000000, 0x0000000100000000)
  eden space 314880K, 0% used [0x00000000e0000000,0x00000000e0000000,0x00000000f3380000)
  from space 107520K, 22% used [0x00000000f9700000,0x00000000faeba320,0x0000000100000000)
  to   space 101888K, 0% used [0x00000000f3380000,0x00000000f3380000,0x00000000f9700000)
 ParOldGen       total 225280K, used 162920K [0x00000000a0000000, 0x00000000adc00000, 0x00000000e0000000)
  object space 225280K, 72% used [0x00000000a0000000,0x00000000a9f1a228,0x00000000adc00000)
 Metaspace       used 77462K, capacity 80804K, committed 82560K, reserved 1122304K
  class space    used 9496K, capacity 10065K, committed 10624K, reserved 1048576K
}
Event: 19857.242 GC heap before
{Heap before GC invocations=93 (full 12):
 PSYoungGen      total 422400K, used 339176K [0x00000000e0000000, 0x0000000100000000, 0x0000000100000000)
  eden space 314880K, 100% used [0x00000000e0000000,0x00000000f3380000,0x00000000f3380000)
  from space 107520K, 22% used [0x00000000f9700000,0x00000000faeba320,0x0000000100000000)
  to   space 101888K, 0% used [0x00000000f3380000,0x00000000f3380000,0x00000000f9700000)
 ParOldGen       total 225280K, used 162920K [0x00000000a0000000, 0x00000000adc00000, 0x00000000e0000000)
  object space 225280K, 72% used [0x00000000a0000000,0x00000000a9f1a228,0x00000000adc00000)
 Metaspace       used 77466K, capacity 80804K, committed 82560K, reserved 1122304K
  class space    used 9496K, capacity 10065K, committed 10624K, reserved 1048576K
Event: 19857.390 GC heap after
Heap after GC invocations=93 (full 12):
 PSYoungGen      total 354816K, used 39801K [0x00000000e0000000, 0x00000000ff180000, 0x0000000100000000)
  eden space 314880K, 0% used [0x00000000e0000000,0x00000000e0000000,0x00000000f3380000)
  from space 39936K, 99% used [0x00000000f3380000,0x00000000f5a5e4e8,0x00000000f5a80000)
  to   space 97280K, 0% used [0x00000000f9280000,0x00000000f9280000,0x00000000ff180000)
 ParOldGen       total 225280K, used 184296K [0x00000000a0000000, 0x00000000adc00000, 0x00000000e0000000)
  object space 225280K, 81% used [0x00000000a0000000,0x00000000ab3fa308,0x00000000adc00000)
 Metaspace       used 77466K, capacity 80804K, committed 82560K, reserved 1122304K
  class space    used 9496K, capacity 10065K, committed 10624K, reserved 1048576K
}
Event: 19858.183 GC heap before
{Heap before GC invocations=94 (full 12):
 PSYoungGen      total 354816K, used 354681K [0x00000000e0000000, 0x00000000ff180000, 0x0000000100000000)
  eden space 314880K, 100% used [0x00000000e0000000,0x00000000f3380000,0x00000000f3380000)
  from space 39936K, 99% used [0x00000000f3380000,0x00000000f5a5e4e8,0x00000000f5a80000)
  to   space 97280K, 0% used [0x00000000f9280000,0x00000000f9280000,0x00000000ff180000)
 ParOldGen       total 225280K, used 184296K [0x00000000a0000000, 0x00000000adc00000, 0x00000000e0000000)
  object space 225280K, 81% used [0x00000000a0000000,0x00000000ab3fa308,0x00000000adc00000)
 Metaspace       used 77476K, capacity 80804K, committed 82560K, reserved 1122304K
  class space    used 9496K, capacity 10065K, committed 10624K, reserved 1048576K
Event: 19858.215 GC heap after
Heap after GC invocations=94 (full 12):
 PSYoungGen      total 416256K, used 22758K [0x00000000e0000000, 0x0000000100000000, 0x0000000100000000)
  eden space 318976K, 0% used [0x00000000e0000000,0x00000000e0000000,0x00000000f3780000)
  from space 97280K, 23% used [0x00000000f9280000,0x00000000fa8b9bf8,0x00000000ff180000)
  to   space 93184K, 0% used [0x00000000f3780000,0x00000000f3780000,0x00000000f9280000)
 ParOldGen       total 225280K, used 192253K [0x00000000a0000000, 0x00000000adc00000, 0x00000000e0000000)
  object space 225280K, 85% used [0x00000000a0000000,0x00000000abbbf4a0,0x00000000adc00000)
 Metaspace       used 77476K, capacity 80804K, committed 82560K, reserved 1122304K
  class space    used 9496K, capacity 10065K, committed 10624K, reserved 1048576K
}
Event: 19858.677 GC heap before
{Heap before GC invocations=95 (full 12):
 PSYoungGen      total 416256K, used 340742K [0x00000000e0000000, 0x0000000100000000, 0x0000000100000000)
  eden space 318976K, 99% used [0x00000000e0000000,0x00000000f3687d18,0x00000000f3780000)
  from space 97280K, 23% used [0x00000000f9280000,0x00000000fa8b9bf8,0x00000000ff180000)
  to   space 93184K, 0% used [0x00000000f3780000,0x00000000f3780000,0x00000000f9280000)
 ParOldGen       total 225280K, used 192253K [0x00000000a0000000, 0x00000000adc00000, 0x00000000e0000000)
  object space 225280K, 85% used [0x00000000a0000000,0x00000000abbbf4a0,0x00000000adc00000)
 Metaspace       used 77484K, capacity 80812K, committed 82560K, reserved 1122304K
  class space    used 9496K, capacity 10065K, committed 10624K, reserved 1048576K
Event: 19858.700 GC heap after
Heap after GC invocations=95 (full 12):
 PSYoungGen      total 412160K, used 6353K [0x00000000e0000000, 0x00000000ff900000, 0x0000000100000000)
  eden space 318976K, 0% used [0x00000000e0000000,0x00000000e0000000,0x00000000f3780000)
  from space 93184K, 6% used [0x00000000f3780000,0x00000000f3db4700,0x00000000f9280000)
  to   space 91648K, 0% used [0x00000000f9f80000,0x00000000f9f80000,0x00000000ff900000)
 ParOldGen       total 225280K, used 202984K [0x00000000a0000000, 0x00000000adc00000, 0x00000000e0000000)
  object space 225280K, 90% used [0x00000000a0000000,0x00000000ac63a3a0,0x00000000adc00000)
 Metaspace       used 77484K, capacity 80812K, committed 82560K, reserved 1122304K
  class space    used 9496K, capacity 10065K, committed 10624K, reserved 1048576K
}
Event: 19858.700 GC heap before
{Heap before GC invocations=96 (full 13):
 PSYoungGen      total 412160K, used 6353K [0x00000000e0000000, 0x00000000ff900000, 0x0000000100000000)
  eden space 318976K, 0% used [0x00000000e0000000,0x00000000e0000000,0x00000000f3780000)
  from space 93184K, 6% used [0x00000000f3780000,0x00000000f3db4700,0x00000000f9280000)
  to   space 91648K, 0% used [0x00000000f9f80000,0x00000000f9f80000,0x00000000ff900000)
 ParOldGen       total 225280K, used 202984K [0x00000000a0000000, 0x00000000adc00000, 0x00000000e0000000)
  object space 225280K, 90% used [0x00000000a0000000,0x00000000ac63a3a0,0x00000000adc00000)
 Metaspace       used 77484K, capacity 80812K, committed 82560K, reserved 1122304K
  class space    used 9496K, capacity 10065K, committed 10624K, reserved 1048576K

